0 info it worked if it ends with ok
1 verbose cli [ '/usr/bin/node', '/usr/bin/npm', 'install', 'launchctl' ]
2 info using npm@1.4.21
3 info using node@v8.11.1
4 verbose cache add [ 'launchctl', null ]
5 verbose cache add name=undefined spec="launchctl" args=["launchctl",null]
6 verbose parsed url Url {
6 verbose parsed url   protocol: null,
6 verbose parsed url   slashes: null,
6 verbose parsed url   auth: null,
6 verbose parsed url   host: null,
6 verbose parsed url   port: null,
6 verbose parsed url   hostname: null,
6 verbose parsed url   hash: null,
6 verbose parsed url   search: null,
6 verbose parsed url   query: null,
6 verbose parsed url   pathname: 'launchctl',
6 verbose parsed url   path: 'launchctl',
6 verbose parsed url   href: 'launchctl' }
7 silly lockFile d257766a-launchctl launchctl
8 verbose lock launchctl /root/.npm/d257766a-launchctl.lock
9 silly lockFile d257766a-launchctl launchctl
10 silly lockFile d257766a-launchctl launchctl
11 verbose addNamed [ 'launchctl', '' ]
12 verbose addNamed [ null, '*' ]
13 silly lockFile 4c576992-launchctl launchctl@
14 verbose lock launchctl@ /root/.npm/4c576992-launchctl.lock
15 silly addNameRange { name: 'launchctl', range: '*', hasData: false }
16 verbose request where is /launchctl
17 verbose request registry https://registry.npmjs.org/
18 verbose request id 04d768b8bd000605
19 verbose url raw /launchctl
20 verbose url resolving [ 'https://registry.npmjs.org/', './launchctl' ]
21 verbose url resolved https://registry.npmjs.org/launchctl
22 verbose request where is https://registry.npmjs.org/launchctl
23 info trying registry request attempt 1 at 16:14:27
24 http GET https://registry.npmjs.org/launchctl
25 http 200 https://registry.npmjs.org/launchctl
26 silly registry.get cb [ 200,
26 silly registry.get   { date: 'Sat, 21 Jul 2018 16:14:29 GMT',
26 silly registry.get     'content-type': 'application/json; charset=UTF-8',
26 silly registry.get     'transfer-encoding': 'chunked',
26 silly registry.get     connection: 'close',
26 silly registry.get     'set-cookie':
26 silly registry.get      [ '__cfduid=d887ccf2f4115060c9f9db67360cf3cdc1532189668; expires=Sun, 21-Jul-19 16:14:28 GMT; path=/; domain=.registry.npmjs.org; HttpOnly' ],
26 silly registry.get     'cache-control': 'max-age=300',
26 silly registry.get     'cf-cache-status': 'MISS',
26 silly registry.get     'cf-ray': '43def5f6db926a0d-LHR',
26 silly registry.get     etag: 'W/"c35bf958354e8bdf23be38313751b945"',
26 silly registry.get     'expect-ct': 'max-age=604800, report-uri="https://report-uri.cloudflare.com/cdn-cgi/beacon/expect-ct"',
26 silly registry.get     'last-modified': 'Sun, 27 May 2018 06:29:20 GMT',
26 silly registry.get     vary: 'accept-encoding, accept',
26 silly registry.get     server: 'cloudflare',
26 silly registry.get     'content-encoding': 'gzip' } ]
27 silly addNameRange number 2 { name: 'launchctl', range: '*', hasData: true }
28 silly addNameRange versions [ 'launchctl',
28 silly addNameRange   [ '0.0.1',
28 silly addNameRange     '0.0.2',
28 silly addNameRange     '0.0.3',
28 silly addNameRange     '0.0.4',
28 silly addNameRange     '0.1.0',
28 silly addNameRange     '0.1.2',
28 silly addNameRange     '0.1.3',
28 silly addNameRange     '0.1.4',
28 silly addNameRange     '0.1.5',
28 silly addNameRange     '0.1.6',
28 silly addNameRange     '0.1.7',
28 silly addNameRange     '0.1.8',
28 silly addNameRange     '0.1.9',
28 silly addNameRange     '0.2.0',
28 silly addNameRange     '0.2.1',
28 silly addNameRange     '0.2.2',
28 silly addNameRange     '0.2.3',
28 silly addNameRange     '0.2.4',
28 silly addNameRange     '0.2.5',
28 silly addNameRange     '0.2.9',
28 silly addNameRange     '1.0.0',
28 silly addNameRange     '1.0.1',
28 silly addNameRange     '1.0.2',
28 silly addNameRange     '1.0.3',
28 silly addNameRange     '1.1.0',
28 silly addNameRange     '1.1.1' ] ]
29 verbose addNamed [ 'launchctl', '1.1.1' ]
30 verbose addNamed [ '1.1.1', '1.1.1' ]
31 silly lockFile d13281eb-launchctl-1-1-1 launchctl@1.1.1
32 verbose lock launchctl@1.1.1 /root/.npm/d13281eb-launchctl-1-1-1.lock
33 silly lockFile d1856c4d-rg-launchctl-launchctl-1-1-1-tgz https://registry.npmjs.org/launchctl/-/launchctl-1.1.1.tgz
34 verbose lock https://registry.npmjs.org/launchctl/-/launchctl-1.1.1.tgz /root/.npm/d1856c4d-rg-launchctl-launchctl-1-1-1-tgz.lock
35 verbose addRemoteTarball [ 'https://registry.npmjs.org/launchctl/-/launchctl-1.1.1.tgz',
35 verbose addRemoteTarball   '4770c08ddb5fec8ebfaf6eb3e7e05c5a52736dcb' ]
36 info retry fetch attempt 1 at 16:14:30
37 verbose fetch to= /tmp/npm-9820-TR3AJITE/registry.npmjs.org/launchctl/-/launchctl-1.1.1.tgz
38 http GET https://registry.npmjs.org/launchctl/-/launchctl-1.1.1.tgz
39 http 200 https://registry.npmjs.org/launchctl/-/launchctl-1.1.1.tgz
40 silly lockFile d1856c4d-rg-launchctl-launchctl-1-1-1-tgz https://registry.npmjs.org/launchctl/-/launchctl-1.1.1.tgz
41 silly lockFile d1856c4d-rg-launchctl-launchctl-1-1-1-tgz https://registry.npmjs.org/launchctl/-/launchctl-1.1.1.tgz
42 silly lockFile d13281eb-launchctl-1-1-1 launchctl@1.1.1
43 silly lockFile d13281eb-launchctl-1-1-1 launchctl@1.1.1
44 silly lockFile 4c576992-launchctl launchctl@
45 silly lockFile 4c576992-launchctl launchctl@
46 silly resolved [ { name: 'launchctl',
46 silly resolved     version: '1.1.1',
46 silly resolved     description: 'Native bindings to launchctl commands',
46 silly resolved     main: './lib/index.js',
46 silly resolved     scripts:
46 silly resolved      { test: 'tap test/*.js',
46 silly resolved        travis: './test/travis.sh',
46 silly resolved        'test-versions': './scripts/test_versions.sh',
46 silly resolved        install: 'node-gyp rebuild' },
46 silly resolved     repository:
46 silly resolved      { type: 'git',
46 silly resolved        url: 'https://github.com/evanlucas/node-launchctl' },
46 silly resolved     keywords: [ 'mac', 'launchctl', 'launchd' ],
46 silly resolved     os: [ 'darwin' ],
46 silly resolved     author: { name: 'Evan Lucas' },
46 silly resolved     licenses: [ [Object] ],
46 silly resolved     gypfile: true,
46 silly resolved     devDependencies: { tap: '~0.4.8' },
46 silly resolved     dependencies:
46 silly resolved      { bindings: '~1.1.0',
46 silly resolved        'launchd.plist': '~0.0.1',
46 silly resolved        nan: '^1.0.0',
46 silly resolved        syserrno: '0.0.8' },
46 silly resolved     bugs: { url: 'https://github.com/evanlucas/node-launchctl/issues' },
46 silly resolved     homepage: 'https://github.com/evanlucas/node-launchctl',
46 silly resolved     _id: 'launchctl@1.1.1',
46 silly resolved     _shasum: '4770c08ddb5fec8ebfaf6eb3e7e05c5a52736dcb',
46 silly resolved     _from: 'launchctl@',
46 silly resolved     _npmVersion: '1.4.7',
46 silly resolved     _npmUser: { name: 'evanlucas', email: 'evanlucas@me.com' },
46 silly resolved     maintainers: [ [Object] ],
46 silly resolved     dist:
46 silly resolved      { shasum: '4770c08ddb5fec8ebfaf6eb3e7e05c5a52736dcb',
46 silly resolved        tarball: 'https://registry.npmjs.org/launchctl/-/launchctl-1.1.1.tgz' },
46 silly resolved     directories: {},
46 silly resolved     _resolved: 'https://registry.npmjs.org/launchctl/-/launchctl-1.1.1.tgz' } ]
47 info install launchctl@1.1.1 into /home/pi/SimpleMQ
48 info installOne launchctl@1.1.1
49 error notsup Unsupported
49 error notsup Not compatible with your operating system or architecture: launchctl@1.1.1
49 error notsup Valid OS:    darwin
49 error notsup Valid Arch:  any
49 error notsup Actual OS:   linux
49 error notsup Actual Arch: arm
50 error System Linux 4.9.80+
51 error command "/usr/bin/node" "/usr/bin/npm" "install" "launchctl"
52 error cwd /home/pi/SimpleMQ
53 error node -v v8.11.1
54 error npm -v 1.4.21
55 error code EBADPLATFORM
56 verbose exit [ 1, true ]
